{"uuid":"9a01d34f-1afe-42b6-b247-ca4c5ad236a0","historyId":"18e1eae37d1dce46c7da9e18055cb742","fullName":"smoke_suite.ALC_258.checkalchemy","labels":[{"name":"package","value":"smoke_suite.ALC_258"},{"name":"testClass","value":"smoke_suite.ALC_258"},{"name":"testMethod","value":"checkalchemy"},{"name":"parentSuite","value":"Suite"},{"name":"suite","value":"Test"},{"name":"subSuite","value":"smoke_suite.ALC_258"},{"name":"host","value":"DESKTOP-73VT5SL"},{"name":"thread","value":"22328@DESKTOP-73VT5SL.main(1)"},{"name":"framework","value":"testng"},{"name":"language","value":"java"}],"links":[],"name":"Go the branch and take note of branch details:- 1) KG recycled, 2) Active members, 3) Members Registered and 4) Tokens in wallet.","status":"skipped","statusDetails":{"known":false,"muted":false,"flaky":false,"message":"Could not start a new session. Possible causes are invalid address of the remote server or browser start-up failure. \nHost info: host: 'DESKTOP-73VT5SL', ip: '192.168.1.92'\nBuild info: version: '4.13.0', revision: 'ba948ece5b*'\nSystem info: os.name: 'Windows 11', os.arch: 'amd64', os.version: '10.0', java.version: '17.0.6'\nDriver info: org.openqa.selenium.remote.RemoteWebDriver\nCommand: [null, newSession {capabilities=[Capabilities {LT:Options: {accessKey: MWAa6go8FynMFZt5GYZyeKtSycf..., build: Alchemy tests STG samsungUl..., idleTimeout: 1700, name: ALC_258, project: Plastic Bank, selenium_version: 4.13.0, username: ashish.rawatfleekitsolutions, w3c: true}, browserName: chrome, browserVersion: 125, goog:chromeOptions: {args: [--remote-allow-origins=*], extensions: []}, platformName: Windows 10}]}]\nCapabilities {LT:Options: {accessKey: MWAa6go8FynMFZt5GYZyeKtSycf..., build: Alchemy tests STG samsungUl..., idleTimeout: 1700, name: ALC_258, project: Plastic Bank, selenium_version: 4.13.0, username: ashish.rawatfleekitsolutions, w3c: true}, browserName: chrome, browserVersion: 125, goog:chromeOptions: {args: [--remote-allow-origins=*], extensions: []}, platformName: Windows 10}","trace":"org.openqa.selenium.SessionNotCreatedException: Could not start a new session. Possible causes are invalid address of the remote server or browser start-up failure. \nHost info: host: 'DESKTOP-73VT5SL', ip: '192.168.1.92'\nBuild info: version: '4.13.0', revision: 'ba948ece5b*'\nSystem info: os.name: 'Windows 11', os.arch: 'amd64', os.version: '10.0', java.version: '17.0.6'\nDriver info: org.openqa.selenium.remote.RemoteWebDriver\nCommand: [null, newSession {capabilities=[Capabilities {LT:Options: {accessKey: MWAa6go8FynMFZt5GYZyeKtSycf..., build: Alchemy tests STG samsungUl..., idleTimeout: 1700, name: ALC_258, project: Plastic Bank, selenium_version: 4.13.0, username: ashish.rawatfleekitsolutions, w3c: true}, browserName: chrome, browserVersion: 125, goog:chromeOptions: {args: [--remote-allow-origins=*], extensions: []}, platformName: Windows 10}]}]\nCapabilities {LT:Options: {accessKey: MWAa6go8FynMFZt5GYZyeKtSycf..., build: Alchemy tests STG samsungUl..., idleTimeout: 1700, name: ALC_258, project: Plastic Bank, selenium_version: 4.13.0, username: ashish.rawatfleekitsolutions, w3c: true}, browserName: chrome, browserVersion: 125, goog:chromeOptions: {args: [--remote-allow-origins=*], extensions: []}, platformName: Windows 10}\r\n\tat org.openqa.selenium.remote.RemoteWebDriver.execute(RemoteWebDriver.java:620)\r\n\tat org.openqa.selenium.remote.RemoteWebDriver.startSession(RemoteWebDriver.java:236)\r\n\tat org.openqa.selenium.remote.RemoteWebDriver.<init>(RemoteWebDriver.java:163)\r\n\tat org.openqa.selenium.remote.RemoteWebDriver.<init>(RemoteWebDriver.java:143)\r\n\tat Utilities.BaseClass.setup(BaseClass.java:190)\r\n\tat java.base/jdk.internal.reflect.NativeMethodAccessorImpl.invoke0(Native Method)\r\n\tat java.base/jdk.internal.reflect.NativeMethodAccessorImpl.invoke(NativeMethodAccessorImpl.java:77)\r\n\tat java.base/jdk.internal.reflect.DelegatingMethodAccessorImpl.invoke(DelegatingMethodAccessorImpl.java:43)\r\n\tat java.base/java.lang.reflect.Method.invoke(Method.java:568)\r\n\tat org.testng.internal.invokers.MethodInvocationHelper.invokeMethod(MethodInvocationHelper.java:139)\r\n\tat org.testng.internal.invokers.MethodInvocationHelper.invokeMethodConsideringTimeout(MethodInvocationHelper.java:69)\r\n\tat org.testng.internal.invokers.ConfigInvoker.invokeConfigurationMethod(ConfigInvoker.java:390)\r\n\tat org.testng.internal.invokers.ConfigInvoker.invokeConfigurations(ConfigInvoker.java:325)\r\n\tat org.testng.internal.invokers.TestMethodWorker.invokeBeforeClassMethods(TestMethodWorker.java:180)\r\n\tat org.testng.internal.invokers.TestMethodWorker.run(TestMethodWorker.java:122)\r\n\tat java.base/java.util.ArrayList.forEach(ArrayList.java:1511)\r\n\tat org.testng.TestRunner.privateRun(TestRunner.java:848)\r\n\tat org.testng.TestRunner.run(TestRunner.java:621)\r\n\tat org.testng.SuiteRunner.runTest(SuiteRunner.java:443)\r\n\tat org.testng.SuiteRunner.runSequentially(SuiteRunner.java:437)\r\n\tat org.testng.SuiteRunner.privateRun(SuiteRunner.java:397)\r\n\tat org.testng.SuiteRunner.run(SuiteRunner.java:336)\r\n\tat org.testng.SuiteRunnerWorker.runSuite(SuiteRunnerWorker.java:52)\r\n\tat org.testng.SuiteRunnerWorker.run(SuiteRunnerWorker.java:95)\r\n\tat org.testng.TestNG.runSuitesSequentially(TestNG.java:1280)\r\n\tat org.testng.TestNG.runSuitesLocally(TestNG.java:1200)\r\n\tat org.testng.TestNG.runSuites(TestNG.java:1114)\r\n\tat org.testng.TestNG.run(TestNG.java:1082)\r\n\tat org.testng.remote.AbstractRemoteTestNG.run(AbstractRemoteTestNG.java:115)\r\n\tat org.testng.remote.RemoteTestNG.initAndRun(RemoteTestNG.java:251)\r\n\tat org.testng.remote.RemoteTestNG.main(RemoteTestNG.java:77)\r\nCaused by: java.lang.RuntimeException: NettyHttpHandler request execution error\r\n\tat org.openqa.selenium.remote.http.netty.NettyHttpHandler.makeCall(NettyHttpHandler.java:76)\r\n\tat org.openqa.selenium.remote.http.AddSeleniumUserAgent.lambda$apply$0(AddSeleniumUserAgent.java:42)\r\n\tat org.openqa.selenium.remote.http.Filter.lambda$andFinally$1(Filter.java:55)\r\n\tat org.openqa.selenium.remote.http.netty.NettyHttpHandler.execute(NettyHttpHandler.java:48)\r\n\tat org.openqa.selenium.remote.http.netty.NettyClient.execute(NettyClient.java:96)\r\n\tat org.openqa.selenium.remote.tracing.TracedHttpClient.execute(TracedHttpClient.java:54)\r\n\tat org.openqa.selenium.remote.ProtocolHandshake.createSession(ProtocolHandshake.java:115)\r\n\tat org.openqa.selenium.remote.ProtocolHandshake.createSession(ProtocolHandshake.java:96)\r\n\tat org.openqa.selenium.remote.ProtocolHandshake.createSession(ProtocolHandshake.java:68)\r\n\tat org.openqa.selenium.remote.HttpCommandExecutor.execute(HttpCommandExecutor.java:163)\r\n\tat org.openqa.selenium.remote.TracedCommandExecutor.execute(TracedCommandExecutor.java:51)\r\n\tat org.openqa.selenium.remote.RemoteWebDriver.execute(RemoteWebDriver.java:602)\r\n\t... 30 more\r\nCaused by: java.util.concurrent.ExecutionException: java.util.concurrent.TimeoutException: Request timeout to hub.lambdatest.com/65.0.196.161:443 after 180000 ms\r\n\tat java.base/java.util.concurrent.CompletableFuture.reportGet(CompletableFuture.java:396)\r\n\tat java.base/java.util.concurrent.CompletableFuture.get(CompletableFuture.java:2096)\r\n\tat org.asynchttpclient.netty.NettyResponseFuture.get(NettyResponseFuture.java:206)\r\n\tat org.openqa.selenium.remote.http.netty.NettyHttpHandler.makeCall(NettyHttpHandler.java:59)\r\n\t... 41 more\r\nCaused by: java.util.concurrent.TimeoutException: Request timeout to hub.lambdatest.com/65.0.196.161:443 after 180000 ms\r\n\tat org.asynchttpclient.netty.timeout.TimeoutTimerTask.expire(TimeoutTimerTask.java:43)\r\n\tat org.asynchttpclient.netty.timeout.RequestTimeoutTimerTask.run(RequestTimeoutTimerTask.java:50)\r\n\tat io.netty.util.HashedWheelTimer$HashedWheelTimeout.run(HashedWheelTimer.java:715)\r\n\tat io.netty.util.concurrent.ImmediateExecutor.execute(ImmediateExecutor.java:34)\r\n\tat io.netty.util.HashedWheelTimer$HashedWheelTimeout.expire(HashedWheelTimer.java:703)\r\n\tat io.netty.util.HashedWheelTimer$HashedWheelBucket.expireTimeouts(HashedWheelTimer.java:790)\r\n\tat io.netty.util.HashedWheelTimer$Worker.run(HashedWheelTimer.java:503)\r\n\tat io.netty.util.concurrent.FastThreadLocalRunnable.run(FastThreadLocalRunnable.java:30)\r\n\tat java.base/java.lang.Thread.run(Thread.java:833)\r\n"},"stage":"finished","description":"Go the branch and take note of branch details:- 1) KG recycled, 2) Active members, 3) Members Registered and 4) Tokens in wallet.","steps":[],"attachments":[],"parameters":[],"start":1727707427993,"stop":1727707427997}