<?xml version="1.0" encoding="UTF-8"?>
<testng-results ignored="0" total="3" passed="1" failed="2" skipped="0">
  <reporter-output>
  </reporter-output>
  <suite started-at="2024-10-08T17:48:41 IST" name="Default suite" finished-at="2024-10-08T17:49:15 IST" duration-ms="34177">
    <groups>
    </groups>
    <test started-at="2024-10-08T17:48:41 IST" name="Default test" finished-at="2024-10-08T17:49:15 IST" duration-ms="34177">
      <class name="smoke_suite.ALC_4956">
        <test-method is-config="true" signature="generateAndroidBenefitname()[pri:0, instance:smoke_suite.ALC_4956@11d8ae8b]" started-at="2024-10-08T17:48:41 IST" name="generateAndroidBenefitname" finished-at="2024-10-08T17:48:41 IST" duration-ms="21" status="PASS">
          <reporter-output>
          </reporter-output>
        </test-method> <!-- generateAndroidBenefitname -->
        <test-method is-config="true" signature="generateBenefitName()[pri:0, instance:smoke_suite.ALC_4956@11d8ae8b]" started-at="2024-10-08T17:48:41 IST" name="generateBenefitName" finished-at="2024-10-08T17:48:41 IST" duration-ms="1" status="PASS">
          <reporter-output>
          </reporter-output>
        </test-method> <!-- generateBenefitName -->
        <test-method is-config="true" signature="generateBenefitOrderName()[pri:0, instance:smoke_suite.ALC_4956@11d8ae8b]" started-at="2024-10-08T17:48:41 IST" name="generateBenefitOrderName" finished-at="2024-10-08T17:48:41 IST" duration-ms="1" status="PASS">
          <reporter-output>
          </reporter-output>
        </test-method> <!-- generateBenefitOrderName -->
        <test-method is-config="true" signature="generateBonusName()[pri:0, instance:smoke_suite.ALC_4956@11d8ae8b]" started-at="2024-10-08T17:48:41 IST" name="generateBonusName" finished-at="2024-10-08T17:48:41 IST" duration-ms="1" status="PASS">
          <reporter-output>
          </reporter-output>
        </test-method> <!-- generateBonusName -->
        <test-method is-config="true" signature="generateBranchMemberName()[pri:0, instance:smoke_suite.ALC_4956@11d8ae8b]" started-at="2024-10-08T17:48:41 IST" name="generateBranchMemberName" finished-at="2024-10-08T17:48:41 IST" duration-ms="1" status="PASS">
          <reporter-output>
          </reporter-output>
        </test-method> <!-- generateBranchMemberName -->
        <test-method is-config="true" signature="generateBranchName()[pri:0, instance:smoke_suite.ALC_4956@11d8ae8b]" started-at="2024-10-08T17:48:41 IST" name="generateBranchName" finished-at="2024-10-08T17:48:41 IST" duration-ms="1" status="PASS">
          <reporter-output>
          </reporter-output>
        </test-method> <!-- generateBranchName -->
        <test-method is-config="true" signature="generateRandomBranchMemberNumber()[pri:0, instance:smoke_suite.ALC_4956@11d8ae8b]" started-at="2024-10-08T17:48:41 IST" name="generateRandomBranchMemberNumber" finished-at="2024-10-08T17:48:41 IST" duration-ms="1" status="PASS">
          <reporter-output>
          </reporter-output>
        </test-method> <!-- generateRandomBranchMemberNumber -->
        <test-method is-config="true" signature="generateBrandName()[pri:0, instance:smoke_suite.ALC_4956@11d8ae8b]" started-at="2024-10-08T17:48:41 IST" name="generateBrandName" finished-at="2024-10-08T17:48:41 IST" duration-ms="0" status="PASS">
          <reporter-output>
          </reporter-output>
        </test-method> <!-- generateBrandName -->
        <test-method is-config="true" signature="generateRandomLastName()[pri:0, instance:smoke_suite.ALC_4956@11d8ae8b]" started-at="2024-10-08T17:48:41 IST" name="generateRandomLastName" finished-at="2024-10-08T17:48:41 IST" duration-ms="0" status="PASS">
          <reporter-output>
          </reporter-output>
        </test-method> <!-- generateRandomLastName -->
        <test-method is-config="true" signature="generateRandomNumber()[pri:0, instance:smoke_suite.ALC_4956@11d8ae8b]" started-at="2024-10-08T17:48:41 IST" name="generateRandomNumber" finished-at="2024-10-08T17:48:41 IST" duration-ms="1" status="PASS">
          <reporter-output>
          </reporter-output>
        </test-method> <!-- generateRandomNumber -->
        <test-method is-config="true" signature="setup()[pri:0, instance:smoke_suite.ALC_4956@11d8ae8b]" started-at="2024-10-08T17:48:41 IST" name="setup" finished-at="2024-10-08T17:49:01 IST" duration-ms="20005" status="PASS">
          <reporter-output>
          </reporter-output>
        </test-method> <!-- setup -->
        <test-method signature="createmember()[pri:1, instance:smoke_suite.ALC_4956@11d8ae8b]" started-at="2024-10-08T17:49:01 IST" name="createmember" description="Create a valid member." finished-at="2024-10-08T17:49:09 IST" duration-ms="7697" status="PASS">
          <reporter-output>
          </reporter-output>
        </test-method> <!-- createmember -->
        <test-method is-config="true" signature="mark_test_status()[pri:0, instance:smoke_suite.ALC_4956@11d8ae8b]" started-at="2024-10-08T17:49:09 IST" name="mark_test_status" finished-at="2024-10-08T17:49:10 IST" duration-ms="1237" status="PASS">
          <reporter-output>
          </reporter-output>
        </test-method> <!-- mark_test_status -->
        <test-method signature="changepassword()[pri:2, instance:smoke_suite.ALC_4956@11d8ae8b]" started-at="2024-10-08T17:49:10 IST" name="changepassword" description="Login with newly created member and change password in settings." finished-at="2024-10-08T17:49:11 IST" duration-ms="1200" status="FAIL">
          <exception class="java.lang.IllegalArgumentException">
            <message>
              <![CDATA[Input must be set]]>
            </message>
            <full-stacktrace>
              <![CDATA[java.lang.IllegalArgumentException: Input must be set
at org.openqa.selenium.internal.Require.nonNull(Require.java:60)
at org.openqa.selenium.support.ui.FluentWait.<init>(FluentWait.java:94)
at org.openqa.selenium.support.ui.WebDriverWait.<init>(WebDriverWait.java:74)
at org.openqa.selenium.support.ui.WebDriverWait.<init>(WebDriverWait.java:43)
at plastic_Bank_Pages.PB_LoginPage.clickFinalLogin(PB_LoginPage.java:119)
at plastic_Bank_Pages.PB_LoginPage.login(PB_LoginPage.java:199)
at smoke_suite.ALC_4956.changepassword(ALC_4956.java:32)
at java.base/jdk.internal.reflect.NativeMethodAccessorImpl.invoke0(Native Method)
at java.base/jdk.internal.reflect.NativeMethodAccessorImpl.invoke(NativeMethodAccessorImpl.java:77)
at java.base/jdk.internal.reflect.DelegatingMethodAccessorImpl.invoke(DelegatingMethodAccessorImpl.java:43)
at java.base/java.lang.reflect.Method.invoke(Method.java:568)
at org.testng.internal.invokers.MethodInvocationHelper.invokeMethod(MethodInvocationHelper.java:139)
at org.testng.internal.invokers.TestInvoker.invokeMethod(TestInvoker.java:664)
at org.testng.internal.invokers.TestInvoker.invokeTestMethod(TestInvoker.java:227)
at org.testng.internal.invokers.MethodRunner.runInSequence(MethodRunner.java:50)
at org.testng.internal.invokers.TestInvoker$MethodInvocationAgent.invoke(TestInvoker.java:957)
at org.testng.internal.invokers.TestInvoker.invokeTestMethods(TestInvoker.java:200)
at org.testng.internal.invokers.TestMethodWorker.invokeTestMethods(TestMethodWorker.java:148)
at org.testng.internal.invokers.TestMethodWorker.run(TestMethodWorker.java:128)
at java.base/java.util.ArrayList.forEach(ArrayList.java:1511)
at org.testng.TestRunner.privateRun(TestRunner.java:848)
at org.testng.TestRunner.run(TestRunner.java:621)
at org.testng.SuiteRunner.runTest(SuiteRunner.java:443)
at org.testng.SuiteRunner.runSequentially(SuiteRunner.java:437)
at org.testng.SuiteRunner.privateRun(SuiteRunner.java:397)
at org.testng.SuiteRunner.run(SuiteRunner.java:336)
at org.testng.SuiteRunnerWorker.runSuite(SuiteRunnerWorker.java:52)
at org.testng.SuiteRunnerWorker.run(SuiteRunnerWorker.java:95)
at org.testng.TestNG.runSuitesSequentially(TestNG.java:1280)
at org.testng.TestNG.runSuitesLocally(TestNG.java:1200)
at org.testng.TestNG.runSuites(TestNG.java:1114)
at org.testng.TestNG.run(TestNG.java:1082)
at org.testng.remote.AbstractRemoteTestNG.run(AbstractRemoteTestNG.java:115)
at org.testng.remote.RemoteTestNG.initAndRun(RemoteTestNG.java:251)
at org.testng.remote.RemoteTestNG.main(RemoteTestNG.java:77)
]]>
            </full-stacktrace>
          </exception> <!-- java.lang.IllegalArgumentException -->
          <reporter-output>
          </reporter-output>
        </test-method> <!-- changepassword -->
        <test-method is-config="true" signature="mark_test_status()[pri:0, instance:smoke_suite.ALC_4956@11d8ae8b]" started-at="2024-10-08T17:49:11 IST" name="mark_test_status" finished-at="2024-10-08T17:49:13 IST" duration-ms="1239" status="PASS">
          <reporter-output>
          </reporter-output>
        </test-method> <!-- mark_test_status -->
        <test-method signature="loginWithNewPassword()[pri:2, instance:smoke_suite.ALC_4956@11d8ae8b]" started-at="2024-10-08T17:49:13 IST" name="loginWithNewPassword" description="Login with new password" finished-at="2024-10-08T17:49:14 IST" duration-ms="1366" status="FAIL">
          <exception class="java.lang.IllegalArgumentException">
            <message>
              <![CDATA[Input must be set]]>
            </message>
            <full-stacktrace>
              <![CDATA[java.lang.IllegalArgumentException: Input must be set
at org.openqa.selenium.internal.Require.nonNull(Require.java:60)
at org.openqa.selenium.support.ui.FluentWait.<init>(FluentWait.java:94)
at org.openqa.selenium.support.ui.WebDriverWait.<init>(WebDriverWait.java:74)
at org.openqa.selenium.support.ui.WebDriverWait.<init>(WebDriverWait.java:43)
at plastic_Bank_Pages.PB_LoginPage.clickFinalLogin(PB_LoginPage.java:119)
at plastic_Bank_Pages.PB_LoginPage.login(PB_LoginPage.java:199)
at smoke_suite.ALC_4956.loginWithNewPassword(ALC_4956.java:42)
at java.base/jdk.internal.reflect.NativeMethodAccessorImpl.invoke0(Native Method)
at java.base/jdk.internal.reflect.NativeMethodAccessorImpl.invoke(NativeMethodAccessorImpl.java:77)
at java.base/jdk.internal.reflect.DelegatingMethodAccessorImpl.invoke(DelegatingMethodAccessorImpl.java:43)
at java.base/java.lang.reflect.Method.invoke(Method.java:568)
at org.testng.internal.invokers.MethodInvocationHelper.invokeMethod(MethodInvocationHelper.java:139)
at org.testng.internal.invokers.TestInvoker.invokeMethod(TestInvoker.java:664)
at org.testng.internal.invokers.TestInvoker.invokeTestMethod(TestInvoker.java:227)
at org.testng.internal.invokers.MethodRunner.runInSequence(MethodRunner.java:50)
at org.testng.internal.invokers.TestInvoker$MethodInvocationAgent.invoke(TestInvoker.java:957)
at org.testng.internal.invokers.TestInvoker.invokeTestMethods(TestInvoker.java:200)
at org.testng.internal.invokers.TestMethodWorker.invokeTestMethods(TestMethodWorker.java:148)
at org.testng.internal.invokers.TestMethodWorker.run(TestMethodWorker.java:128)
at java.base/java.util.ArrayList.forEach(ArrayList.java:1511)
at org.testng.TestRunner.privateRun(TestRunner.java:848)
at org.testng.TestRunner.run(TestRunner.java:621)
at org.testng.SuiteRunner.runTest(SuiteRunner.java:443)
at org.testng.SuiteRunner.runSequentially(SuiteRunner.java:437)
at org.testng.SuiteRunner.privateRun(SuiteRunner.java:397)
at org.testng.SuiteRunner.run(SuiteRunner.java:336)
at org.testng.SuiteRunnerWorker.runSuite(SuiteRunnerWorker.java:52)
at org.testng.SuiteRunnerWorker.run(SuiteRunnerWorker.java:95)
at org.testng.TestNG.runSuitesSequentially(TestNG.java:1280)
at org.testng.TestNG.runSuitesLocally(TestNG.java:1200)
at org.testng.TestNG.runSuites(TestNG.java:1114)
at org.testng.TestNG.run(TestNG.java:1082)
at org.testng.remote.AbstractRemoteTestNG.run(AbstractRemoteTestNG.java:115)
at org.testng.remote.RemoteTestNG.initAndRun(RemoteTestNG.java:251)
at org.testng.remote.RemoteTestNG.main(RemoteTestNG.java:77)
]]>
            </full-stacktrace>
          </exception> <!-- java.lang.IllegalArgumentException -->
          <reporter-output>
          </reporter-output>
        </test-method> <!-- loginWithNewPassword -->
        <test-method is-config="true" signature="mark_test_status()[pri:0, instance:smoke_suite.ALC_4956@11d8ae8b]" started-at="2024-10-08T17:49:14 IST" name="mark_test_status" finished-at="2024-10-08T17:49:15 IST" duration-ms="1247" status="PASS">
          <reporter-output>
          </reporter-output>
        </test-method> <!-- mark_test_status -->
        <test-method is-config="true" signature="teardownapp()[pri:0, instance:smoke_suite.ALC_4956@11d8ae8b]" started-at="2024-10-08T17:49:15 IST" name="teardownapp" finished-at="2024-10-08T17:49:15 IST" duration-ms="58" status="PASS">
          <reporter-output>
          </reporter-output>
        </test-method> <!-- teardownapp -->
      </class> <!-- smoke_suite.ALC_4956 -->
    </test> <!-- Default test -->
  </suite> <!-- Default suite -->
</testng-results>
