<?xml version="1.0" encoding="UTF-8"?>
<!-- Generated by org.testng.reporters.JUnitReportReporter -->
<testsuite hostname="DESKTOP-73VT5SL" failures="0" tests="17" name="smoke_suite.ALC_4357" time="1851.398" errors="1" timestamp="2024-10-08T16:22:27 IST" skipped="15">
  <testcase classname="smoke_suite.ALC_4357" name="member_Branch1_Transaction_KG_Bonus_App_Assertion" time="1851.251"/>
  <testcase classname="smoke_suite.ALC_4357" name="mark_test_status" time="0.146">
    <error message="Unable to find the session info for particular sessionId 5107430a0c526d208b1250cf953c8e39, maybe session has quit already or timed out.
Build info: version: &#039;4.13.0&#039;, revision: &#039;ba948ece5b*&#039;
System info: os.name: &#039;Windows 11&#039;, os.arch: &#039;amd64&#039;, os.version: &#039;10.0&#039;, java.version: &#039;17.0.6&#039;
Driver info: org.openqa.selenium.remote.RemoteWebDriver
Command: [5107430a0c526d208b1250cf953c8e39, executeScript {script=lambda-status=passed, args=[]}]
Capabilities {acceptInsecureCerts: false, browserName: chrome, browserVersion: 125.0.6422.61, chrome: {chromedriverVersion: 125.0.6422.76 (67dcf7562b8f..., userDataDir: C:\Program Files\scoped_dir...}, fedcm:accounts: true, goog:chromeOptions: {debuggerAddress: localhost:9225}, networkConnectionEnabled: false, pageLoadStrategy: normal, platformName: windows, proxy: Proxy(), setWindowRect: true, strictFileInteractability: false, timeouts: {implicit: 0, pageLoad: 300000, script: 30000}, unhandledPromptBehavior: dismiss and notify, webauthn:extension:credBlob: true, webauthn:extension:largeBlob: true, webauthn:extension:minPinLength: true, webauthn:extension:prf: true, webauthn:virtualAuthenticators: true}
Session ID: 5107430a0c526d208b1250cf953c8e39" type="org.openqa.selenium.WebDriverException">
      <![CDATA[org.openqa.selenium.WebDriverException: Unable to find the session info for particular sessionId 5107430a0c526d208b1250cf953c8e39, maybe session has quit already or timed out.
Build info: version: '4.13.0', revision: 'ba948ece5b*'
System info: os.name: 'Windows 11', os.arch: 'amd64', os.version: '10.0', java.version: '17.0.6'
Driver info: org.openqa.selenium.remote.RemoteWebDriver
Command: [5107430a0c526d208b1250cf953c8e39, executeScript {script=lambda-status=passed, args=[]}]
Capabilities {acceptInsecureCerts: false, browserName: chrome, browserVersion: 125.0.6422.61, chrome: {chromedriverVersion: 125.0.6422.76 (67dcf7562b8f..., userDataDir: C:\Program Files\scoped_dir...}, fedcm:accounts: true, goog:chromeOptions: {debuggerAddress: localhost:9225}, networkConnectionEnabled: false, pageLoadStrategy: normal, platformName: windows, proxy: Proxy(), setWindowRect: true, strictFileInteractability: false, timeouts: {implicit: 0, pageLoad: 300000, script: 30000}, unhandledPromptBehavior: dismiss and notify, webauthn:extension:credBlob: true, webauthn:extension:largeBlob: true, webauthn:extension:minPinLength: true, webauthn:extension:prf: true, webauthn:virtualAuthenticators: true}
Session ID: 5107430a0c526d208b1250cf953c8e39
at java.base/jdk.internal.reflect.NativeConstructorAccessorImpl.newInstance0(Native Method)
at java.base/jdk.internal.reflect.NativeConstructorAccessorImpl.newInstance(NativeConstructorAccessorImpl.java:77)
at java.base/jdk.internal.reflect.DelegatingConstructorAccessorImpl.newInstance(DelegatingConstructorAccessorImpl.java:45)
at java.base/java.lang.reflect.Constructor.newInstanceWithCaller(Constructor.java:499)
at java.base/java.lang.reflect.Constructor.newInstance(Constructor.java:480)
at org.openqa.selenium.remote.codec.w3c.W3CHttpResponseCodec.createException(W3CHttpResponseCodec.java:200)
at org.openqa.selenium.remote.codec.w3c.W3CHttpResponseCodec.decode(W3CHttpResponseCodec.java:133)
at org.openqa.selenium.remote.codec.w3c.W3CHttpResponseCodec.decode(W3CHttpResponseCodec.java:52)
at org.openqa.selenium.remote.HttpCommandExecutor.execute(HttpCommandExecutor.java:191)
at org.openqa.selenium.remote.TracedCommandExecutor.execute(TracedCommandExecutor.java:51)
at org.openqa.selenium.remote.RemoteWebDriver.execute(RemoteWebDriver.java:602)
at org.openqa.selenium.remote.RemoteWebDriver.executeScript(RemoteWebDriver.java:467)
at Utilities.BaseClass.mark_test_status(BaseClass.java:249)
at java.base/jdk.internal.reflect.NativeMethodAccessorImpl.invoke0(Native Method)
at java.base/jdk.internal.reflect.NativeMethodAccessorImpl.invoke(NativeMethodAccessorImpl.java:77)
at java.base/jdk.internal.reflect.DelegatingMethodAccessorImpl.invoke(DelegatingMethodAccessorImpl.java:43)
at java.base/java.lang.reflect.Method.invoke(Method.java:568)
at org.testng.internal.invokers.MethodInvocationHelper.invokeMethod(MethodInvocationHelper.java:139)
at org.testng.internal.invokers.MethodInvocationHelper.invokeMethodConsideringTimeout(MethodInvocationHelper.java:69)
at org.testng.internal.invokers.ConfigInvoker.invokeConfigurationMethod(ConfigInvoker.java:390)
at org.testng.internal.invokers.ConfigInvoker.invokeConfigurations(ConfigInvoker.java:325)
at org.testng.internal.invokers.TestInvoker.runConfigMethods(TestInvoker.java:810)
at org.testng.internal.invokers.TestInvoker.runAfterConfigurations(TestInvoker.java:779)
at org.testng.internal.invokers.TestInvoker.invokeMethod(TestInvoker.java:755)
at org.testng.internal.invokers.TestInvoker.invokeTestMethod(TestInvoker.java:227)
at org.testng.internal.invokers.MethodRunner.runInSequence(MethodRunner.java:50)
at org.testng.internal.invokers.TestInvoker$MethodInvocationAgent.invoke(TestInvoker.java:957)
at org.testng.internal.invokers.TestInvoker.invokeTestMethods(TestInvoker.java:200)
at org.testng.internal.invokers.TestMethodWorker.invokeTestMethods(TestMethodWorker.java:148)
at org.testng.internal.invokers.TestMethodWorker.run(TestMethodWorker.java:128)
at java.base/java.util.ArrayList.forEach(ArrayList.java:1511)
at org.testng.TestRunner.privateRun(TestRunner.java:848)
at org.testng.TestRunner.run(TestRunner.java:621)
at org.testng.SuiteRunner.runTest(SuiteRunner.java:443)
at org.testng.SuiteRunner.runSequentially(SuiteRunner.java:437)
at org.testng.SuiteRunner.privateRun(SuiteRunner.java:397)
at org.testng.SuiteRunner.run(SuiteRunner.java:336)
at org.testng.SuiteRunnerWorker.runSuite(SuiteRunnerWorker.java:52)
at org.testng.SuiteRunnerWorker.run(SuiteRunnerWorker.java:95)
at org.testng.TestNG.runSuitesSequentially(TestNG.java:1280)
at org.testng.TestNG.runSuitesLocally(TestNG.java:1200)
at org.testng.TestNG.runSuites(TestNG.java:1114)
at org.testng.TestNG.run(TestNG.java:1082)
at org.testng.remote.AbstractRemoteTestNG.run(AbstractRemoteTestNG.java:115)
at org.testng.remote.RemoteTestNG.initAndRun(RemoteTestNG.java:251)
at org.testng.remote.RemoteTestNG.main(RemoteTestNG.java:77)
]]>
    </error>
  </testcase> <!-- mark_test_status -->
  <testcase classname="smoke_suite.ALC_4357" name="member_Branch1_Transaction_KG_Bonus_Alchmey_Assertion" time="0.000">
    <skipped/>
  </testcase> <!-- member_Branch1_Transaction_KG_Bonus_Alchmey_Assertion -->
  <testcase classname="smoke_suite.ALC_4357" name="Branch1_Branch2_Transaction_App_Assertions" time="0.000">
    <skipped/>
  </testcase> <!-- Branch1_Branch2_Transaction_App_Assertions -->
  <testcase classname="smoke_suite.ALC_4357" name="Branch1_Branch3_Transaction" time="0.001">
    <skipped/>
  </testcase> <!-- Branch1_Branch3_Transaction -->
  <testcase classname="smoke_suite.ALC_4357" name="Branch2_Processor_Transaction" time="0.000">
    <skipped/>
  </testcase> <!-- Branch2_Processor_Transaction -->
  <testcase classname="smoke_suite.ALC_4357" name="Branch3_Processor_Transaction" time="0.000">
    <skipped/>
  </testcase> <!-- Branch3_Processor_Transaction -->
  <testcase classname="smoke_suite.ALC_4357" name="Verify_Bonus_Branch1" time="0.000">
    <skipped/>
  </testcase> <!-- Verify_Bonus_Branch1 -->
  <testcase classname="smoke_suite.ALC_4357" name="Verify_Bonus_Branch2" time="0.000">
    <skipped/>
  </testcase> <!-- Verify_Bonus_Branch2 -->
  <testcase classname="smoke_suite.ALC_4357" name="Verify_Bonus_Branch3" time="0.000">
    <skipped/>
  </testcase> <!-- Verify_Bonus_Branch3 -->
  <testcase classname="smoke_suite.ALC_4357" name="Verify_Bonus_Processor" time="0.000">
    <skipped/>
  </testcase> <!-- Verify_Bonus_Processor -->
  <testcase classname="smoke_suite.ALC_4357" name="Plastic_Chain_Before_Approval" time="0.000">
    <skipped/>
  </testcase> <!-- Plastic_Chain_Before_Approval -->
  <testcase classname="smoke_suite.ALC_4357" name="VerifyBonusOrderRecieptBranchAssertions" time="0.000">
    <skipped/>
  </testcase> <!-- VerifyBonusOrderRecieptBranchAssertions -->
  <testcase classname="smoke_suite.ALC_4357" name="VerifyBonusOrderBranchValueAssertions" time="0.000">
    <skipped/>
  </testcase> <!-- VerifyBonusOrderBranchValueAssertions -->
  <testcase classname="smoke_suite.ALC_4357" name="BonusTransferedCheck" time="0.000">
    <skipped/>
  </testcase> <!-- BonusTransferedCheck -->
  <testcase classname="smoke_suite.ALC_4357" name="Plastic_Chain_After_Approval" time="0.000">
    <skipped/>
  </testcase> <!-- Plastic_Chain_After_Approval -->
  <testcase classname="smoke_suite.ALC_4357" name="checkBonusTransferedInApp" time="0.000">
    <skipped/>
  </testcase> <!-- checkBonusTransferedInApp -->
</testsuite> <!-- smoke_suite.ALC_4357 -->
