<?xml version="1.0" encoding="UTF-8"?>
<!-- Generated by org.testng.reporters.JUnitReportReporter -->
<testsuite hostname="DESKTOP-73VT5SL" failures="0" tests="7" name="smoke_suite.ALC_4358" time="464.590" errors="2" timestamp="2024-08-27T19:23:58 IST" skipped="4">
  <testcase classname="smoke_suite.ALC_4358" name="afterMethod" time="0.199">
    <error message="Unable to find the session info for particular sessionId c3d56fc33ea08647180265c17a9a9042, maybe session has quit already or timed out.
Build info: version: &#039;4.13.0&#039;, revision: &#039;ba948ece5b*&#039;
System info: os.name: &#039;Windows 11&#039;, os.arch: &#039;amd64&#039;, os.version: &#039;10.0&#039;, java.version: &#039;19.0.1&#039;
Driver info: org.openqa.selenium.remote.RemoteWebDriver
Command: [c3d56fc33ea08647180265c17a9a9042, screenshot {}]
Capabilities {acceptInsecureCerts: false, browserName: chrome, browserVersion: 125.0.6422.61, chrome: {chromedriverVersion: 125.0.6422.76 (67dcf7562b8f..., userDataDir: C:\Program Files\scoped_dir...}, fedcm:accounts: true, goog:chromeOptions: {debuggerAddress: localhost:9225}, networkConnectionEnabled: false, pageLoadStrategy: normal, platformName: windows, proxy: Proxy(), setWindowRect: true, strictFileInteractability: false, timeouts: {implicit: 0, pageLoad: 300000, script: 30000}, unhandledPromptBehavior: dismiss and notify, webauthn:extension:credBlob: true, webauthn:extension:largeBlob: true, webauthn:extension:minPinLength: true, webauthn:extension:prf: true, webauthn:virtualAuthenticators: true}
Session ID: c3d56fc33ea08647180265c17a9a9042" type="org.openqa.selenium.WebDriverException">
      <![CDATA[org.openqa.selenium.WebDriverException: Unable to find the session info for particular sessionId c3d56fc33ea08647180265c17a9a9042, maybe session has quit already or timed out.
Build info: version: '4.13.0', revision: 'ba948ece5b*'
System info: os.name: 'Windows 11', os.arch: 'amd64', os.version: '10.0', java.version: '19.0.1'
Driver info: org.openqa.selenium.remote.RemoteWebDriver
Command: [c3d56fc33ea08647180265c17a9a9042, screenshot {}]
Capabilities {acceptInsecureCerts: false, browserName: chrome, browserVersion: 125.0.6422.61, chrome: {chromedriverVersion: 125.0.6422.76 (67dcf7562b8f..., userDataDir: C:\Program Files\scoped_dir...}, fedcm:accounts: true, goog:chromeOptions: {debuggerAddress: localhost:9225}, networkConnectionEnabled: false, pageLoadStrategy: normal, platformName: windows, proxy: Proxy(), setWindowRect: true, strictFileInteractability: false, timeouts: {implicit: 0, pageLoad: 300000, script: 30000}, unhandledPromptBehavior: dismiss and notify, webauthn:extension:credBlob: true, webauthn:extension:largeBlob: true, webauthn:extension:minPinLength: true, webauthn:extension:prf: true, webauthn:virtualAuthenticators: true}
Session ID: c3d56fc33ea08647180265c17a9a9042
at java.base/jdk.internal.reflect.DirectConstructorHandleAccessor.newInstance(DirectConstructorHandleAccessor.java:67)
at java.base/java.lang.reflect.Constructor.newInstanceWithCaller(Constructor.java:500)
at java.base/java.lang.reflect.Constructor.newInstance(Constructor.java:484)
at org.openqa.selenium.remote.codec.w3c.W3CHttpResponseCodec.createException(W3CHttpResponseCodec.java:200)
at org.openqa.selenium.remote.codec.w3c.W3CHttpResponseCodec.decode(W3CHttpResponseCodec.java:133)
at org.openqa.selenium.remote.codec.w3c.W3CHttpResponseCodec.decode(W3CHttpResponseCodec.java:52)
at org.openqa.selenium.remote.HttpCommandExecutor.execute(HttpCommandExecutor.java:191)
at org.openqa.selenium.remote.TracedCommandExecutor.execute(TracedCommandExecutor.java:51)
at org.openqa.selenium.remote.RemoteWebDriver.execute(RemoteWebDriver.java:602)
at org.openqa.selenium.remote.RemoteWebDriver.execute(RemoteWebDriver.java:675)
at org.openqa.selenium.remote.RemoteWebDriver.execute(RemoteWebDriver.java:679)
at org.openqa.selenium.remote.RemoteWebDriver.getScreenshotAs(RemoteWebDriver.java:325)
at Utilities.BaseClass.afterMethod(BaseClass.java:432)
at java.base/jdk.internal.reflect.DirectMethodHandleAccessor.invoke(DirectMethodHandleAccessor.java:104)
at java.base/java.lang.reflect.Method.invoke(Method.java:578)
at org.testng.internal.invokers.MethodInvocationHelper.invokeMethod(MethodInvocationHelper.java:139)
at org.testng.internal.invokers.MethodInvocationHelper.invokeMethodConsideringTimeout(MethodInvocationHelper.java:69)
at org.testng.internal.invokers.ConfigInvoker.invokeConfigurationMethod(ConfigInvoker.java:390)
at org.testng.internal.invokers.ConfigInvoker.invokeConfigurations(ConfigInvoker.java:325)
at org.testng.internal.invokers.TestInvoker.runConfigMethods(TestInvoker.java:810)
at org.testng.internal.invokers.TestInvoker.runAfterConfigurations(TestInvoker.java:779)
at org.testng.internal.invokers.TestInvoker.invokeMethod(TestInvoker.java:755)
at org.testng.internal.invokers.TestInvoker.invokeTestMethod(TestInvoker.java:227)
at org.testng.internal.invokers.MethodRunner.runInSequence(MethodRunner.java:50)
at org.testng.internal.invokers.TestInvoker$MethodInvocationAgent.invoke(TestInvoker.java:957)
at org.testng.internal.invokers.TestInvoker.invokeTestMethods(TestInvoker.java:200)
at org.testng.internal.invokers.TestMethodWorker.invokeTestMethods(TestMethodWorker.java:148)
at org.testng.internal.invokers.TestMethodWorker.run(TestMethodWorker.java:128)
at java.base/java.util.ArrayList.forEach(ArrayList.java:1511)
at org.testng.TestRunner.privateRun(TestRunner.java:848)
at org.testng.TestRunner.run(TestRunner.java:621)
at org.testng.SuiteRunner.runTest(SuiteRunner.java:443)
at org.testng.SuiteRunner.runSequentially(SuiteRunner.java:437)
at org.testng.SuiteRunner.privateRun(SuiteRunner.java:397)
at org.testng.SuiteRunner.run(SuiteRunner.java:336)
at org.testng.SuiteRunnerWorker.runSuite(SuiteRunnerWorker.java:52)
at org.testng.SuiteRunnerWorker.run(SuiteRunnerWorker.java:95)
at org.testng.TestNG.runSuitesSequentially(TestNG.java:1280)
at org.testng.TestNG.runSuitesLocally(TestNG.java:1200)
at org.testng.TestNG.runSuites(TestNG.java:1114)
at org.testng.TestNG.run(TestNG.java:1082)
at org.testng.remote.AbstractRemoteTestNG.run(AbstractRemoteTestNG.java:115)
at org.testng.remote.RemoteTestNG.initAndRun(RemoteTestNG.java:251)
at org.testng.remote.RemoteTestNG.main(RemoteTestNG.java:77)
]]>
    </error>
  </testcase> <!-- afterMethod -->
  <testcase classname="smoke_suite.ALC_4358" name="createSplitBranchAndAddMember" time="441.140"/>
  <testcase classname="smoke_suite.ALC_4358" name="disableBranchInApp" time="23.251">
    <error message="Unable to find the session info for particular sessionId 11cef525-5896-4cc8-8efd-0103fed63a19, maybe session has quit already or timed out.
Build info: version: &#039;4.13.0&#039;, revision: &#039;ba948ece5b*&#039;
System info: os.name: &#039;Windows 11&#039;, os.arch: &#039;amd64&#039;, os.version: &#039;10.0&#039;, java.version: &#039;19.0.1&#039;
Driver info: io.appium.java_client.android.AndroidDriver
Command: [11cef525-5896-4cc8-8efd-0103fed63a19, executeScript {script=lambda-hook: {&quot;action&quot;: &quot;setTestStatus&quot;,&quot;arguments&quot;: {&quot;status&quot;:&quot;failed&quot;, &quot;remark&quot;:&quot;This is a failed test &quot;}} , args=[]}]
Capabilities {appium:adbExecTimeout: 120000, appium:appActivity: org.plasticbank.app.MainAct..., appium:appPackage: org.plasticbank.app, appium:autoAcceptAlerts: true, appium:automationName: uiautomator2, appium:chromeOptions: {args: []}, appium:chromedriverExecutableDir: /appium/assets/drivers/chro..., appium:chromedriverPorts: [[11001, 11049]], appium:databaseEnabled: false, appium:desired: {adbExecTimeout: 120000, appActivity: org.plasticbank.app.MainAct..., appPackage: org.plasticbank.app, autoAcceptAlerts: true, automationName: uiautomator2, chromeOptions: {args: []}, chromedriverExecutableDir: /appium/assets/drivers/chro..., chromedriverPorts: [[11001, 11049]], deviceName: Pixel 8, headless: false, mode: cloud, nativeWebScreenshot: true, newCommandTimeout: 0, orientation: PORTRAIT, platformName: android, platformVersion: 14, skipLogcatCapture: true, systemPort: 12108, udid: 38221FDJH002JS, uiautomator2ServerLaunchTimeout: 60000, waitForQuiescence: false}, appium:deviceApiLevel: 34, appium:deviceManufacturer: Google, appium:deviceModel: Pixel 8, appium:deviceName: 38221FDJH002JS, appium:deviceScreenDensity: 420, appium:deviceScreenSize: 1080x2400, appium:deviceUDID: 38221FDJH002JS, appium:headless: false, appium:javascriptEnabled: true, appium:locationContextEnabled: false, appium:mode: cloud, appium:nativeWebScreenshot: true, appium:networkConnectionEnabled: true, appium:newCommandTimeout: 0, appium:orientation: PORTRAIT, appium:pixelRatio: 2.625, appium:platformVersion: 14, appium:skipLogcatCapture: true, appium:statBarHeight: 132, appium:systemPort: 12108, appium:takesScreenshot: true, appium:udid: 38221FDJH002JS, appium:uiautomator2ServerLaunchTimeout: 60000, appium:viewportRect: {height: 2010, left: 0, top: 132, width: 1080}, appium:waitForQuiescence: false, appium:warnings: {}, appium:webStorageEnabled: false, platformName: ANDROID}
Session ID: 11cef525-5896-4cc8-8efd-0103fed63a19" type="org.openqa.selenium.WebDriverException">
      <![CDATA[org.openqa.selenium.WebDriverException: Unable to find the session info for particular sessionId 11cef525-5896-4cc8-8efd-0103fed63a19, maybe session has quit already or timed out.
Build info: version: '4.13.0', revision: 'ba948ece5b*'
System info: os.name: 'Windows 11', os.arch: 'amd64', os.version: '10.0', java.version: '19.0.1'
Driver info: io.appium.java_client.android.AndroidDriver
Command: [11cef525-5896-4cc8-8efd-0103fed63a19, executeScript {script=lambda-hook: {"action": "setTestStatus","arguments": {"status":"failed", "remark":"This is a failed test "}} , args=[]}]
Capabilities {appium:adbExecTimeout: 120000, appium:appActivity: org.plasticbank.app.MainAct..., appium:appPackage: org.plasticbank.app, appium:autoAcceptAlerts: true, appium:automationName: uiautomator2, appium:chromeOptions: {args: []}, appium:chromedriverExecutableDir: /appium/assets/drivers/chro..., appium:chromedriverPorts: [[11001, 11049]], appium:databaseEnabled: false, appium:desired: {adbExecTimeout: 120000, appActivity: org.plasticbank.app.MainAct..., appPackage: org.plasticbank.app, autoAcceptAlerts: true, automationName: uiautomator2, chromeOptions: {args: []}, chromedriverExecutableDir: /appium/assets/drivers/chro..., chromedriverPorts: [[11001, 11049]], deviceName: Pixel 8, headless: false, mode: cloud, nativeWebScreenshot: true, newCommandTimeout: 0, orientation: PORTRAIT, platformName: android, platformVersion: 14, skipLogcatCapture: true, systemPort: 12108, udid: 38221FDJH002JS, uiautomator2ServerLaunchTimeout: 60000, waitForQuiescence: false}, appium:deviceApiLevel: 34, appium:deviceManufacturer: Google, appium:deviceModel: Pixel 8, appium:deviceName: 38221FDJH002JS, appium:deviceScreenDensity: 420, appium:deviceScreenSize: 1080x2400, appium:deviceUDID: 38221FDJH002JS, appium:headless: false, appium:javascriptEnabled: true, appium:locationContextEnabled: false, appium:mode: cloud, appium:nativeWebScreenshot: true, appium:networkConnectionEnabled: true, appium:newCommandTimeout: 0, appium:orientation: PORTRAIT, appium:pixelRatio: 2.625, appium:platformVersion: 14, appium:skipLogcatCapture: true, appium:statBarHeight: 132, appium:systemPort: 12108, appium:takesScreenshot: true, appium:udid: 38221FDJH002JS, appium:uiautomator2ServerLaunchTimeout: 60000, appium:viewportRect: {height: 2010, left: 0, top: 132, width: 1080}, appium:waitForQuiescence: false, appium:warnings: {}, appium:webStorageEnabled: false, platformName: ANDROID}
Session ID: 11cef525-5896-4cc8-8efd-0103fed63a19
at java.base/jdk.internal.reflect.DirectConstructorHandleAccessor.newInstance(DirectConstructorHandleAccessor.java:67)
at java.base/java.lang.reflect.Constructor.newInstanceWithCaller(Constructor.java:500)
at java.base/java.lang.reflect.Constructor.newInstance(Constructor.java:484)
at org.openqa.selenium.remote.codec.w3c.W3CHttpResponseCodec.createException(W3CHttpResponseCodec.java:200)
at org.openqa.selenium.remote.codec.w3c.W3CHttpResponseCodec.decode(W3CHttpResponseCodec.java:133)
at org.openqa.selenium.remote.codec.w3c.W3CHttpResponseCodec.decode(W3CHttpResponseCodec.java:52)
at org.openqa.selenium.remote.HttpCommandExecutor.execute(HttpCommandExecutor.java:191)
at io.appium.java_client.remote.AppiumCommandExecutor.execute(AppiumCommandExecutor.java:250)
at org.openqa.selenium.remote.RemoteWebDriver.execute(RemoteWebDriver.java:602)
at org.openqa.selenium.remote.RemoteWebDriver.executeScript(RemoteWebDriver.java:467)
at smoke_suite.ALC_4358.disableBranchInApp(ALC_4358.java:59)
at java.base/jdk.internal.reflect.DirectMethodHandleAccessor.invoke(DirectMethodHandleAccessor.java:104)
at java.base/java.lang.reflect.Method.invoke(Method.java:578)
at org.testng.internal.invokers.MethodInvocationHelper.invokeMethod(MethodInvocationHelper.java:139)
at org.testng.internal.invokers.TestInvoker.invokeMethod(TestInvoker.java:664)
at org.testng.internal.invokers.TestInvoker.invokeTestMethod(TestInvoker.java:227)
at org.testng.internal.invokers.MethodRunner.runInSequence(MethodRunner.java:50)
at org.testng.internal.invokers.TestInvoker$MethodInvocationAgent.invoke(TestInvoker.java:957)
at org.testng.internal.invokers.TestInvoker.invokeTestMethods(TestInvoker.java:200)
at org.testng.internal.invokers.TestMethodWorker.invokeTestMethods(TestMethodWorker.java:148)
at org.testng.internal.invokers.TestMethodWorker.run(TestMethodWorker.java:128)
at java.base/java.util.ArrayList.forEach(ArrayList.java:1511)
at org.testng.TestRunner.privateRun(TestRunner.java:848)
at org.testng.TestRunner.run(TestRunner.java:621)
at org.testng.SuiteRunner.runTest(SuiteRunner.java:443)
at org.testng.SuiteRunner.runSequentially(SuiteRunner.java:437)
at org.testng.SuiteRunner.privateRun(SuiteRunner.java:397)
at org.testng.SuiteRunner.run(SuiteRunner.java:336)
at org.testng.SuiteRunnerWorker.runSuite(SuiteRunnerWorker.java:52)
at org.testng.SuiteRunnerWorker.run(SuiteRunnerWorker.java:95)
at org.testng.TestNG.runSuitesSequentially(TestNG.java:1280)
at org.testng.TestNG.runSuitesLocally(TestNG.java:1200)
at org.testng.TestNG.runSuites(TestNG.java:1114)
at org.testng.TestNG.run(TestNG.java:1082)
at org.testng.remote.AbstractRemoteTestNG.run(AbstractRemoteTestNG.java:115)
at org.testng.remote.RemoteTestNG.initAndRun(RemoteTestNG.java:251)
at org.testng.remote.RemoteTestNG.main(RemoteTestNG.java:77)
]]>
    </error>
  </testcase> <!-- disableBranchInApp -->
  <testcase classname="smoke_suite.ALC_4358" name="createNonSplitBranchAndProcessor" time="0.000">
    <skipped/>
  </testcase> <!-- createNonSplitBranchAndProcessor -->
  <testcase classname="smoke_suite.ALC_4358" name="transaction_SplitBranch_NormalBranch" time="0.000">
    <skipped/>
  </testcase> <!-- transaction_SplitBranch_NormalBranch -->
  <testcase classname="smoke_suite.ALC_4358" name="verifyInAlchemy" time="0.000">
    <skipped/>
  </testcase> <!-- verifyInAlchemy -->
  <testcase classname="smoke_suite.ALC_4358" name="transactionProcessorBranch" time="0.000">
    <skipped/>
  </testcase> <!-- transactionProcessorBranch -->
</testsuite> <!-- smoke_suite.ALC_4358 -->
